# JRE version: OpenJDK Runtime Environment (17.0.10) (build 17.0.10+0--11572160)
# Java VM: OpenJDK 64-Bit Server VM (17.0.10+0--11572160, mixed mode, tiered, compressed oops, compressed class ptrs, g1 gc, windows-amd64)
GC Precious Log:
 CPUs: 6 total, 6 available
 Memory: 16319M
 Large Page Support: Disabled
 NUMA Support: Disabled
 Compressed Oops: Enabled (Zero based)
 Heap Region Size: 2M
 Heap Min Capacity: 8M
 Heap Initial Capacity: 256M
 Heap Max Capacity: 4G
 Pre-touch: Disabled
 Parallel Workers: 6
 Concurrent Workers: 2
 Concurrent Refinement Workers: 6
 Periodic GC: Disabled
Heap:
 garbage-first heap   total 436224K, used 170563K [0x0000000700000000, 0x0000000800000000)
  region size 2048K, 5 young (10240K), 5 survivors (10240K)
 Metaspace       used 128372K, committed 129216K, reserved 1179648K
  class space    used 17012K, committed 17408K, reserved 1048576K
GC Heap History (20 events):
Event: 57.901 GC heap after
{Heap after GC invocations=99 (full 0):
 garbage-first heap   total 397312K, used 156765K [0x0000000700000000, 0x0000000800000000)
  region size 2048K, 12 young (24576K), 12 survivors (24576K)
 Metaspace       used 107425K, committed 108224K, reserved 1179648K
  class space    used 14349K, committed 14720K, reserved 1048576K
}
Event: 57.919 GC heap before
{Heap before GC invocations=99 (full 0):
 garbage-first heap   total 397312K, used 158813K [0x0000000700000000, 0x0000000800000000)
  region size 2048K, 13 young (26624K), 12 survivors (24576K)
 Metaspace       used 107425K, committed 108224K, reserved 1179648K
  class space    used 14349K, committed 14720K, reserved 1048576K
}
Event: 57.928 GC heap after
{Heap after GC invocations=100 (full 0):
 garbage-first heap   total 397312K, used 156840K [0x0000000700000000, 0x0000000800000000)
  region size 2048K, 2 young (4096K), 2 survivors (4096K)
 Metaspace       used 107425K, committed 108224K, reserved 1179648K
  class space    used 14349K, committed 14720K, reserved 1048576K
}
Event: 97.941 GC heap before
{Heap before GC invocations=100 (full 0):
 garbage-first heap   total 397312K, used 314536K [0x0000000700000000, 0x0000000800000000)
  region size 2048K, 80 young (163840K), 2 survivors (4096K)
 Metaspace       used 117853K, committed 118784K, reserved 1179648K
  class space    used 15768K, committed 16192K, reserved 1048576K
}
Event: 97.946 GC heap after
{Heap after GC invocations=101 (full 0):
 garbage-first heap   total 397312K, used 159599K [0x0000000700000000, 0x0000000800000000)
  region size 2048K, 3 young (6144K), 3 survivors (6144K)
 Metaspace       used 117853K, committed 118784K, reserved 1179648K
  class space    used 15768K, committed 16192K, reserved 1048576K
}
Event: 98.426 GC heap before
{Heap before GC invocations=101 (full 0):
 garbage-first heap   total 397312K, used 327535K [0x0000000700000000, 0x0000000800000000)
  region size 2048K, 83 young (169984K), 3 survivors (6144K)
 Metaspace       used 121845K, committed 122752K, reserved 1179648K
  class space    used 16388K, committed 16832K, reserved 1048576K
}
Event: 98.430 GC heap after
{Heap after GC invocations=102 (full 0):
 garbage-first heap   total 397312K, used 164839K [0x0000000700000000, 0x0000000800000000)
  region size 2048K, 5 young (10240K), 5 survivors (10240K)
 Metaspace       used 121845K, committed 122752K, reserved 1179648K
  class space    used 16388K, committed 16832K, reserved 1048576K
}
Event: 98.653 GC heap before
{Heap before GC invocations=102 (full 0):
 garbage-first heap   total 397312K, used 326631K [0x0000000700000000, 0x0000000800000000)
  region size 2048K, 84 young (172032K), 5 survivors (10240K)
 Metaspace       used 121845K, committed 122752K, reserved 1179648K
  class space    used 16388K, committed 16832K, reserved 1048576K
}
Event: 98.658 GC heap after
{Heap after GC invocations=103 (full 0):
 garbage-first heap   total 397312K, used 167582K [0x0000000700000000, 0x0000000800000000)
  region size 2048K, 6 young (12288K), 6 survivors (12288K)
 Metaspace       used 121845K, committed 122752K, reserved 1179648K
  class space    used 16388K, committed 16832K, reserved 1048576K
}
Event: 99.062 GC heap before
{Heap before GC invocations=103 (full 0):
 garbage-first heap   total 397312K, used 333470K [0x0000000700000000, 0x0000000800000000)
  region size 2048K, 86 young (176128K), 6 survivors (12288K)
 Metaspace       used 122297K, committed 123200K, reserved 1179648K
  class space    used 16415K, committed 16832K, reserved 1048576K
}
Event: 99.067 GC heap after
{Heap after GC invocations=104 (full 0):
 garbage-first heap   total 397312K, used 169715K [0x0000000700000000, 0x0000000800000000)
  region size 2048K, 7 young (14336K), 7 survivors (14336K)
 Metaspace       used 122297K, committed 123200K, reserved 1179648K
  class space    used 16415K, committed 16832K, reserved 1048576K
}
Event: 99.334 GC heap before
{Heap before GC invocations=104 (full 0):
 garbage-first heap   total 397312K, used 329459K [0x0000000700000000, 0x0000000800000000)
  region size 2048K, 85 young (174080K), 7 survivors (14336K)
 Metaspace       used 122302K, committed 123200K, reserved 1179648K
  class space    used 16415K, committed 16832K, reserved 1048576K
}
Event: 99.339 GC heap after
{Heap after GC invocations=105 (full 0):
 garbage-first heap   total 397312K, used 170582K [0x0000000700000000, 0x0000000800000000)
  region size 2048K, 5 young (10240K), 5 survivors (10240K)
 Metaspace       used 122302K, committed 123200K, reserved 1179648K
  class space    used 16415K, committed 16832K, reserved 1048576K
}
Event: 99.618 GC heap before
{Heap before GC invocations=105 (full 0):
 garbage-first heap   total 397312K, used 334422K [0x0000000700000000, 0x0000000800000000)
  region size 2048K, 85 young (174080K), 5 survivors (10240K)
 Metaspace       used 124171K, committed 125120K, reserved 1179648K
  class space    used 16617K, committed 17024K, reserved 1048576K
}
Event: 99.621 GC heap after
{Heap after GC invocations=106 (full 0):
 garbage-first heap   total 397312K, used 162413K [0x0000000700000000, 0x0000000800000000)
  region size 2048K, 2 young (4096K), 2 survivors (4096K)
 Metaspace       used 124171K, committed 125120K, reserved 1179648K
  class space    used 16617K, committed 17024K, reserved 1048576K
}
Event: 123.807 GC heap before
{Heap before GC invocations=106 (full 0):
 garbage-first heap   total 397312K, used 338541K [0x0000000700000000, 0x0000000800000000)
  region size 2048K, 88 young (180224K), 2 survivors (4096K)
 Metaspace       used 128088K, committed 128960K, reserved 1179648K
  class space    used 17004K, committed 17408K, reserved 1048576K
}
Event: 123.813 GC heap after
{Heap after GC invocations=107 (full 0):
 garbage-first heap   total 397312K, used 171359K [0x0000000700000000, 0x0000000800000000)
  region size 2048K, 6 young (12288K), 6 survivors (12288K)
 Metaspace       used 128088K, committed 128960K, reserved 1179648K
  class space    used 17004K, committed 17408K, reserved 1048576K
}
Event: 124.052 GC heap before
{Heap before GC invocations=107 (full 0):
 garbage-first heap   total 397312K, used 335199K [0x0000000700000000, 0x0000000800000000)
  region size 2048K, 86 young (176128K), 6 survivors (12288K)
 Metaspace       used 128210K, committed 129088K, reserved 1179648K
  class space    used 17007K, committed 17408K, reserved 1048576K
}
Event: 124.057 GC heap after
{Heap after GC invocations=108 (full 0):
 garbage-first heap   total 397312K, used 172461K [0x0000000700000000, 0x0000000800000000)
  region size 2048K, 6 young (12288K), 6 survivors (12288K)
 Metaspace       used 128210K, committed 129088K, reserved 1179648K
  class space    used 17007K, committed 17408K, reserved 1048576K
}
Event: 124.846 GC heap before
{Heap before GC invocations=108 (full 0):
 garbage-first heap   total 397312K, used 334253K [0x0000000700000000, 0x0000000800000000)
  region size 2048K, 86 young (176128K), 6 survivors (12288K)
 Metaspace       used 128372K, committed 129216K, reserved 1179648K
  class space    used 17012K, committed 17408K, reserved 1048576K
}

